app/feature_splash/build/intermediates/manifest_merge_blame_file/release/processReleaseManifest/manifest-merger-blame-release-report.txt
1<?xml version="1.0" encoding="utf-8"?>
2<manifest xmlns:android="http://schemas.android.com/apk/res/android"
3    package="com.example.sheeps.splash" >
4
5    <uses-sdk android:minSdkVersion="24" />
6
7    <uses-permission android:name="android.permission.POST_NOTIFICATIONS" />
7-->src\main\AndroidManifest.xml:5:5-77
7-->src\main\AndroidManifest.xml:5:22-74
8
9    <application>
9-->src\main\AndroidManifest.xml:7:5-18:19
10        <activity
10-->src\main\AndroidManifest.xml:8:9-17:20
11            android:name="com.example.sheeps.splash.SplashActivity"
11-->src\main\AndroidManifest.xml:9:13-43
12            android:exported="true"
12-->src\main\AndroidManifest.xml:10:13-36
13            android:screenOrientation="portrait"
13-->src\main\AndroidManifest.xml:11:13-49
14            android:theme="@android:style/Theme.DeviceDefault.NoActionBar.Fullscreen" >
14-->src\main\AndroidManifest.xml:12:13-86
15            <intent-filter>
15-->src\main\AndroidManifest.xml:13:13-16:29
16                <action android:name="android.intent.action.MAIN" />
16-->src\main\AndroidManifest.xml:14:17-69
16-->src\main\AndroidManifest.xml:14:25-66
17
18                <category android:name="android.intent.category.LAUNCHER" />
18-->src\main\AndroidManifest.xml:15:17-77
18-->src\main\AndroidManifest.xml:15:27-74
19            </intent-filter>
20        </activity>
21    </application>
22
23</manifest>